[0m22:23:11.782858 [debug] [MainThread]: Sending event: {'category': 'dbt', 'action': 'invocation', 'label': 'start', 'context': [<snowplow_tracker.self_describing_json.SelfDescribingJson object at 0x104f4acb0>, <snowplow_tracker.self_describing_json.SelfDescribingJson object at 0x10747f1f0>, <snowplow_tracker.self_describing_json.SelfDescribingJson object at 0x10747f670>]}


============================== 22:23:11.787128 | 6532a17d-8610-491c-819f-065f28603bb6 ==============================
[0m22:23:11.787128 [info ] [MainThread]: Running with dbt=1.8.0
[0m22:23:11.787662 [debug] [MainThread]: running dbt with arguments {'printer_width': '80', 'indirect_selection': 'eager', 'write_json': 'True', 'log_cache_events': 'False', 'partial_parse': 'True', 'cache_selected_only': 'False', 'warn_error': 'None', 'debug': 'False', 'profiles_dir': '/Users/alex/.dbt', 'log_path': 'logs', 'fail_fast': 'False', 'version_check': 'True', 'use_colors': 'True', 'use_experimental_parser': 'False', 'no_print': 'None', 'quiet': 'False', 'warn_error_options': 'WarnErrorOptions(include=[], exclude=[])', 'invocation_command': 'dbt init', 'introspect': 'True', 'static_parser': 'True', 'target_path': 'None', 'log_format': 'default', 'send_anonymous_usage_stats': 'True'}
[0m22:23:48.046700 [debug] [MainThread]: Starter project path: /Library/Frameworks/Python.framework/Versions/3.10/lib/python3.10/site-packages/dbt/include/starter_project
[0m22:23:48.058851 [info ] [MainThread]: 
Your new dbt project "dbt_snowflake" was created!

For more information on how to configure the profiles.yml file,
please consult the dbt documentation here:

  https://docs.getdbt.com/docs/configure-your-profile

One more thing:

Need help? Don't hesitate to reach out to us via GitHub issues or on Slack:

  https://community.getdbt.com/

Happy modeling!

[0m22:23:48.059458 [info ] [MainThread]: Setting up your profile.
[0m22:23:53.222600 [error] [MainThread]: Encountered an error:

[0m22:23:53.228561 [error] [MainThread]: Traceback (most recent call last):
  File "/Library/Frameworks/Python.framework/Versions/3.10/lib/python3.10/site-packages/dbt/cli/requires.py", line 138, in wrapper
    result, success = func(*args, **kwargs)
  File "/Library/Frameworks/Python.framework/Versions/3.10/lib/python3.10/site-packages/dbt/cli/requires.py", line 101, in wrapper
    return func(*args, **kwargs)
  File "/Library/Frameworks/Python.framework/Versions/3.10/lib/python3.10/site-packages/dbt/cli/main.py", line 469, in init
    results = task.run()
  File "/Library/Frameworks/Python.framework/Versions/3.10/lib/python3.10/site-packages/dbt/task/init.py", line 347, in run
    self.setup_profile(profile_name)
  File "/Library/Frameworks/Python.framework/Versions/3.10/lib/python3.10/site-packages/dbt/task/init.py", line 263, in setup_profile
    self.create_profile_from_target(adapter, profile_name=profile_name)
  File "/Library/Frameworks/Python.framework/Versions/3.10/lib/python3.10/site-packages/dbt/task/init.py", line 180, in create_profile_from_target
    self.create_profile_from_profile_template(profile_template, profile_name)
  File "/Library/Frameworks/Python.framework/Versions/3.10/lib/python3.10/site-packages/dbt/task/init.py", line 164, in create_profile_from_profile_template
    target = self.generate_target_from_input(prompts, initial_target)
  File "/Library/Frameworks/Python.framework/Versions/3.10/lib/python3.10/site-packages/dbt/task/init.py", line 130, in generate_target_from_input
    target[key] = click.prompt(
  File "/Library/Frameworks/Python.framework/Versions/3.10/lib/python3.10/site-packages/click/termui.py", line 164, in prompt
    value = prompt_func(prompt)
  File "/Library/Frameworks/Python.framework/Versions/3.10/lib/python3.10/site-packages/click/termui.py", line 147, in prompt_func
    raise Abort() from None
click.exceptions.Abort

[0m22:23:53.232996 [debug] [MainThread]: Resource report: {"command_name": "init", "command_wall_clock_time": 41.50856, "process_user_time": 2.376068, "process_kernel_time": 1.029442, "process_mem_max_rss": "149684224", "command_success": false, "process_in_blocks": "0", "process_out_blocks": "0"}
[0m22:23:53.233794 [debug] [MainThread]: Command `dbt init` failed at 22:23:53.233653 after 41.51 seconds
[0m22:23:53.234387 [debug] [MainThread]: Sending event: {'category': 'dbt', 'action': 'invocation', 'label': 'end', 'context': [<snowplow_tracker.self_describing_json.SelfDescribingJson object at 0x104f4acb0>, <snowplow_tracker.self_describing_json.SelfDescribingJson object at 0x10e984af0>, <snowplow_tracker.self_describing_json.SelfDescribingJson object at 0x10e9857b0>]}
[0m22:23:53.235009 [debug] [MainThread]: Flushing usage events
[0m19:57:41.910205 [debug] [MainThread]: Sending event: {'category': 'dbt', 'action': 'invocation', 'label': 'start', 'context': [<snowplow_tracker.self_describing_json.SelfDescribingJson object at 0x102fcabc0>, <snowplow_tracker.self_describing_json.SelfDescribingJson object at 0x1049c9420>, <snowplow_tracker.self_describing_json.SelfDescribingJson object at 0x1049c9b40>]}


============================== 19:57:43.241955 | 40dc991d-dd1f-47a0-8e14-c8ebd45209ad ==============================
[0m19:57:43.241955 [info ] [MainThread]: Running with dbt=1.8.0
[0m19:57:43.243486 [debug] [MainThread]: running dbt with arguments {'printer_width': '80', 'indirect_selection': 'eager', 'write_json': 'True', 'log_cache_events': 'False', 'partial_parse': 'True', 'cache_selected_only': 'False', 'profiles_dir': '/Users/alex/.dbt', 'debug': 'False', 'version_check': 'True', 'log_path': 'logs', 'fail_fast': 'False', 'warn_error': 'None', 'use_colors': 'True', 'use_experimental_parser': 'False', 'no_print': 'None', 'quiet': 'False', 'warn_error_options': 'WarnErrorOptions(include=[], exclude=[])', 'invocation_command': 'dbt init', 'introspect': 'True', 'static_parser': 'True', 'target_path': 'None', 'log_format': 'default', 'send_anonymous_usage_stats': 'True'}
[0m19:58:01.355101 [debug] [MainThread]: Starter project path: /Library/Frameworks/Python.framework/Versions/3.10/lib/python3.10/site-packages/dbt/include/starter_project
[0m19:58:01.372336 [info ] [MainThread]: 
Your new dbt project "dbt_p" was created!

For more information on how to configure the profiles.yml file,
please consult the dbt documentation here:

  https://docs.getdbt.com/docs/configure-your-profile

One more thing:

Need help? Don't hesitate to reach out to us via GitHub issues or on Slack:

  https://community.getdbt.com/

Happy modeling!

[0m19:58:01.373748 [info ] [MainThread]: Setting up your profile.
[0m20:09:57.754025 [info ] [MainThread]: Profile dbt_p written to /Users/alex/.dbt/profiles.yml using target's profile_template.yml and your supplied values. Run 'dbt debug' to validate the connection.
[0m20:09:57.810337 [debug] [MainThread]: Resource report: {"command_name": "init", "command_success": true, "command_wall_clock_time": 735.9892, "process_user_time": 2.189811, "process_kernel_time": 1.259305, "process_mem_max_rss": "172998656", "process_in_blocks": "0", "process_out_blocks": "0"}
[0m20:09:57.811567 [debug] [MainThread]: Command `dbt init` succeeded at 20:09:57.811311 after 735.99 seconds
[0m20:09:57.812725 [debug] [MainThread]: Sending event: {'category': 'dbt', 'action': 'invocation', 'label': 'end', 'context': [<snowplow_tracker.self_describing_json.SelfDescribingJson object at 0x102fcabc0>, <snowplow_tracker.self_describing_json.SelfDescribingJson object at 0x1049caa40>, <snowplow_tracker.self_describing_json.SelfDescribingJson object at 0x1049cb1f0>]}
[0m20:09:57.814067 [debug] [MainThread]: Flushing usage events
[0m20:33:23.306650 [debug] [MainThread]: Sending event: {'category': 'dbt', 'action': 'invocation', 'label': 'start', 'context': [<snowplow_tracker.self_describing_json.SelfDescribingJson object at 0x104e1ebf0>, <snowplow_tracker.self_describing_json.SelfDescribingJson object at 0x10681e8f0>, <snowplow_tracker.self_describing_json.SelfDescribingJson object at 0x10681f010>]}


============================== 20:33:23.311004 | 585e797d-ed5f-4805-a407-aac5a66eb64e ==============================
[0m20:33:23.311004 [info ] [MainThread]: Running with dbt=1.8.0
[0m20:33:23.311523 [debug] [MainThread]: running dbt with arguments {'printer_width': '80', 'indirect_selection': 'eager', 'write_json': 'True', 'log_cache_events': 'False', 'partial_parse': 'True', 'cache_selected_only': 'False', 'warn_error': 'None', 'version_check': 'True', 'debug': 'False', 'log_path': 'logs', 'fail_fast': 'False', 'profiles_dir': '/Users/alex/.dbt', 'use_colors': 'True', 'use_experimental_parser': 'False', 'no_print': 'None', 'quiet': 'False', 'log_format': 'default', 'static_parser': 'True', 'introspect': 'True', 'warn_error_options': 'WarnErrorOptions(include=[], exclude=[])', 'target_path': 'None', 'invocation_command': 'dbt debug', 'send_anonymous_usage_stats': 'True'}
[0m20:33:23.321625 [info ] [MainThread]: dbt version: 1.8.0
[0m20:33:23.321940 [info ] [MainThread]: python version: 3.10.11
[0m20:33:23.322205 [info ] [MainThread]: python path: /usr/local/bin/python3
[0m20:33:23.322465 [info ] [MainThread]: os info: macOS-15.3-arm64-arm-64bit
[0m20:33:24.165212 [info ] [MainThread]: Using profiles dir at /Users/alex/.dbt
[0m20:33:24.165679 [info ] [MainThread]: Using profiles.yml file at /Users/alex/.dbt/profiles.yml
[0m20:33:24.165971 [info ] [MainThread]: Using dbt_project.yml file at /Users/alex/Desktop/DataEngineering/dbt_project.yml
[0m20:33:24.166318 [error] [MainThread]: Encountered an error:
Internal Error
  Profile should not be None if loading profile completed
[0m20:33:24.168977 [debug] [MainThread]: Resource report: {"command_name": "debug", "command_wall_clock_time": 0.9164561, "process_user_time": 2.881623, "process_kernel_time": 0.513655, "process_mem_max_rss": "173735936", "command_success": false, "process_in_blocks": "0", "process_out_blocks": "0"}
[0m20:33:24.169398 [debug] [MainThread]: Command `dbt debug` failed at 20:33:24.169323 after 0.92 seconds
[0m20:33:24.169724 [debug] [MainThread]: Sending event: {'category': 'dbt', 'action': 'invocation', 'label': 'end', 'context': [<snowplow_tracker.self_describing_json.SelfDescribingJson object at 0x104e1ebf0>, <snowplow_tracker.self_describing_json.SelfDescribingJson object at 0x1067e0a30>, <snowplow_tracker.self_describing_json.SelfDescribingJson object at 0x128806aa0>]}
[0m20:33:24.170086 [debug] [MainThread]: Flushing usage events
[0m21:40:36.842386 [debug] [MainThread]: Sending event: {'category': 'dbt', 'action': 'invocation', 'label': 'start', 'context': [<snowplow_tracker.self_describing_json.SelfDescribingJson object at 0x104caae90>, <snowplow_tracker.self_describing_json.SelfDescribingJson object at 0x1066adf00>, <snowplow_tracker.self_describing_json.SelfDescribingJson object at 0x1066ad840>]}


============================== 21:40:36.846816 | 2353fc6a-acf2-4b7e-a327-9b0cddc677b9 ==============================
[0m21:40:36.846816 [info ] [MainThread]: Running with dbt=1.8.0
[0m21:40:36.847358 [debug] [MainThread]: running dbt with arguments {'printer_width': '80', 'indirect_selection': 'eager', 'write_json': 'True', 'log_cache_events': 'False', 'partial_parse': 'True', 'cache_selected_only': 'False', 'profiles_dir': '/Users/alex/.dbt', 'debug': 'False', 'version_check': 'True', 'log_path': 'logs', 'fail_fast': 'False', 'warn_error': 'None', 'use_colors': 'True', 'use_experimental_parser': 'False', 'no_print': 'None', 'quiet': 'False', 'log_format': 'default', 'static_parser': 'True', 'invocation_command': 'dbt seed -s netflix_titles', 'introspect': 'True', 'target_path': 'None', 'warn_error_options': 'WarnErrorOptions(include=[], exclude=[])', 'send_anonymous_usage_stats': 'True'}
[0m21:40:36.847908 [error] [MainThread]: Encountered an error:
Runtime Error
  No dbt_project.yml found at expected path /Users/alex/Desktop/DataEngineering/dbt_project.yml
  Verify that each entry within packages.yml (and their transitive dependencies) contains a file named dbt_project.yml
  
[0m21:40:36.849944 [debug] [MainThread]: Resource report: {"command_name": "seed", "command_wall_clock_time": 0.070456795, "process_user_time": 0.926442, "process_kernel_time": 0.151426, "process_mem_max_rss": "91570176", "command_success": false, "process_in_blocks": "0", "process_out_blocks": "0"}
[0m21:40:36.850428 [debug] [MainThread]: Command `dbt seed` failed at 21:40:36.850345 after 0.07 seconds
[0m21:40:36.850792 [debug] [MainThread]: Sending event: {'category': 'dbt', 'action': 'invocation', 'label': 'end', 'context': [<snowplow_tracker.self_describing_json.SelfDescribingJson object at 0x104caae90>, <snowplow_tracker.self_describing_json.SelfDescribingJson object at 0x1066ac190>, <snowplow_tracker.self_describing_json.SelfDescribingJson object at 0x1066ac220>]}
[0m21:40:36.851130 [debug] [MainThread]: Flushing usage events
[0m11:35:32.793329 [debug] [MainThread]: Sending event: {'category': 'dbt', 'action': 'invocation', 'label': 'start', 'context': [<snowplow_tracker.self_describing_json.SelfDescribingJson object at 0x106796a10>, <snowplow_tracker.self_describing_json.SelfDescribingJson object at 0x110f62080>, <snowplow_tracker.self_describing_json.SelfDescribingJson object at 0x110f619c0>]}


============================== 11:35:34.049137 | f864b0aa-bd90-4b90-98b3-81258e07e4c3 ==============================
[0m11:35:34.049137 [info ] [MainThread]: Running with dbt=1.8.0
[0m11:35:34.051065 [debug] [MainThread]: running dbt with arguments {'printer_width': '80', 'indirect_selection': 'eager', 'log_cache_events': 'False', 'write_json': 'True', 'partial_parse': 'True', 'cache_selected_only': 'False', 'warn_error': 'None', 'fail_fast': 'False', 'debug': 'False', 'log_path': 'logs', 'profiles_dir': '/Users/alex/.dbt', 'version_check': 'True', 'use_colors': 'True', 'use_experimental_parser': 'False', 'no_print': 'None', 'quiet': 'False', 'log_format': 'default', 'static_parser': 'True', 'introspect': 'True', 'warn_error_options': 'WarnErrorOptions(include=[], exclude=[])', 'target_path': 'None', 'invocation_command': 'dbt init', 'send_anonymous_usage_stats': 'True'}
[0m11:35:39.145600 [debug] [MainThread]: Starter project path: /Library/Frameworks/Python.framework/Versions/3.10/lib/python3.10/site-packages/dbt/include/starter_project
[0m11:35:39.157937 [info ] [MainThread]: 
Your new dbt project "dbt_postgres" was created!

For more information on how to configure the profiles.yml file,
please consult the dbt documentation here:

  https://docs.getdbt.com/docs/configure-your-profile

One more thing:

Need help? Don't hesitate to reach out to us via GitHub issues or on Slack:

  https://community.getdbt.com/

Happy modeling!

[0m11:35:39.158772 [info ] [MainThread]: Setting up your profile.
[0m11:36:07.298721 [info ] [MainThread]: Profile dbt_postgres written to /Users/alex/.dbt/profiles.yml using target's profile_template.yml and your supplied values. Run 'dbt debug' to validate the connection.
[0m11:36:07.302220 [debug] [MainThread]: Resource report: {"command_name": "init", "command_success": true, "command_wall_clock_time": 34.577404, "process_user_time": 1.035069, "process_kernel_time": 0.192102, "process_mem_max_rss": "101138432", "process_in_blocks": "0", "process_out_blocks": "0"}
[0m11:36:07.303099 [debug] [MainThread]: Command `dbt init` succeeded at 11:36:07.302938 after 34.58 seconds
[0m11:36:07.303738 [debug] [MainThread]: Sending event: {'category': 'dbt', 'action': 'invocation', 'label': 'end', 'context': [<snowplow_tracker.self_describing_json.SelfDescribingJson object at 0x106796a10>, <snowplow_tracker.self_describing_json.SelfDescribingJson object at 0x111665780>, <snowplow_tracker.self_describing_json.SelfDescribingJson object at 0x110f610c0>]}
[0m11:36:07.304397 [debug] [MainThread]: Flushing usage events
